0 verbose cli C:\Program Files\nodejs\node.exe C:\Program Files\nodejs\node_modules\npm\bin\npm-cli.js
1 info using npm@10.8.2
2 info using node@v20.20.1
3 silly config load:file:C:\Program Files\nodejs\node_modules\npm\npmrc
4 silly config load:file:C:\Users\jeffr\GitHubProjects\projects\farm-management-system\.npmrc
5 silly config load:file:C:\Users\jeffr\.npmrc
6 silly config load:file:C:\Users\jeffr\AppData\Roaming\npm\etc\npmrc
7 verbose title npm run typecheck
8 verbose argv "run" "typecheck"
9 verbose logfile logs-max:10 dir:C:\Users\jeffr\GitHubProjects\projects\farm-management-system\.npm-cache\_logs\2026-05-29T11_43_26_568Z-
10 verbose logfile C:\Users\jeffr\GitHubProjects\projects\farm-management-system\.npm-cache\_logs\2026-05-29T11_43_26_568Z-debug-0.log
11 silly logfile done cleaning log files
12 verbose stack Error: Could not read package.json: Error: ENOENT: no such file or directory, open 'C:\Users\jeffr\GitHubProjects\projects\farm-management-system\package.json'
12 verbose stack     at async open (node:internal/fs/promises:634:25)
12 verbose stack     at async readFile (node:internal/fs/promises:1236:14)
12 verbose stack     at async read (C:\Program Files\nodejs\node_modules\npm\node_modules\@npmcli\package-json\lib\read-package.js:9:18)
12 verbose stack     at async PackageJson.load (C:\Program Files\nodejs\node_modules\npm\node_modules\@npmcli\package-json\lib\index.js:130:31)
12 verbose stack     at async PackageJson.normalize (C:\Program Files\nodejs\node_modules\npm\node_modules\@npmcli\package-json\lib\index.js:116:5)
12 verbose stack     at async #run (C:\Program Files\nodejs\node_modules\npm\lib\commands\run-script.js:85:13)
12 verbose stack     at async RunScript.exec (C:\Program Files\nodejs\node_modules\npm\lib\commands\run-script.js:39:7)
12 verbose stack     at async Npm.exec (C:\Program Files\nodejs\node_modules\npm\lib\npm.js:207:9)
12 verbose stack     at async module.exports (C:\Program Files\nodejs\node_modules\npm\lib\cli\entry.js:74:5)
13 error code ENOENT
14 error syscall open
15 error path C:\Users\jeffr\GitHubProjects\projects\farm-management-system\package.json
16 error errno -4058
17 error enoent Could not read package.json: Error: ENOENT: no such file or directory, open 'C:\Users\jeffr\GitHubProjects\projects\farm-management-system\package.json'
18 error enoent This is related to npm not being able to find a file.
18 error enoent
19 verbose cwd C:\Users\jeffr\GitHubProjects\projects\farm-management-system
20 verbose os Windows_NT 10.0.26200
21 verbose node v20.20.1
22 verbose npm  v10.8.2
23 verbose exit -4058
24 verbose code -4058
25 error A complete log of this run can be found in: C:\Users\jeffr\GitHubProjects\projects\farm-management-system\.npm-cache\_logs\2026-05-29T11_43_26_568Z-debug-0.log
